<?xml version="1.0" encoding="UTF-8"?>
<testsuite name="Busqueda de vuelos por nombre de la aerolinea" tests="1" skipped="0" failures="0" errors="0" timestamp="2024-11-03T01:39:18" hostname="ASUS_RIVERA" time="6.202">
  <properties/>
  <testcase name="Buscar vuelos por nombre de una aerolinea existente" classname="Busqueda de vuelos por nombre de la aerolinea" time="6.202"/>
  <system-out><![CDATA[Request method:	GET
Request URI:	http://localhost:8080/flights/searchByName?nameAirline=JetFly
Proxy:			<none>
Request params:	nameAirline=JetFly
Query params:	<none>
Form params:	<none>
Path params:	<none>
Headers:		Accept=*/*
				Content-Type=application/json
Cookies:		<none>
Multiparts:		<none>
Body:			<none>
HTTP/1.1 200 
Vary: Origin
Vary: Access-Control-Request-Method
Vary: Access-Control-Request-Headers
Content-Type: application/json
Transfer-Encoding: chunked
Date: Sun, 03 Nov 2024 01:39:23 GMT
Keep-Alive: timeout=60
Connection: keep-alive

[
    {
        "id": 2,
        "airline": "JetFly",
        "origin": "Medellin",
        "destination": "Miami",
        "price": 443,
        "departureDate": "2024-01-02",
        "arrivalDate": "2024-01-02"
    }
]
]]></system-out>
  <system-err><![CDATA[[Test worker] INFO  - 
  _____   ___   ___   _____     ___   _____     _     ___   _____   ___   ___  
 |_   _| | __| / __| |_   _|   / __| |_   _|   /_\   | _ \ |_   _| | __| |   \ 
   | |   | _|  \__ \   | |     \__ \   | |    / _ \  |   /   | |   | _|  | |) |
   |_|   |___| |___/   |_|     |___/   |_|   /_/ \_\ |_|_\   |_|   |___| |___/ 

Buscar vuelos por nombre de una aerolinea existente(busqueda-de-vuelos-por-nombre-de-la-aerolinea;buscar-vuelos-por-nombre-de-una-aerolinea-existente)
--------------------------------------------------------------------------------
[Test worker] INFO  - 
  _____   ___   ___   _____     ___     _     ___   ___   ___   ___  
 |_   _| | __| / __| |_   _|   | _ \   /_\   / __| / __| | __| |   \ 
   | |   | _|  \__ \   | |     |  _/  / _ \  \__ \ \__ \ | _|  | |) |
   |_|   |___| |___/   |_|     |_|   /_/ \_\ |___/ |___/ |___| |___/ 

Buscar vuelos por nombre de una aerolinea existente
----------------------------------------------------------------------
]]></system-err>
</testsuite>
