<?xml version="1.0" encoding="UTF-8"?>
<testsuite name="Busqueda de vuelos por ciudad de destino" tests="2" skipped="0" failures="0" errors="0" timestamp="2024-11-03T19:34:05" hostname="ASUS_RIVERA" time="0.687">
  <properties/>
  <testcase name="Buscar vuelos hacia una ciudad de destino existente" classname="Busqueda de vuelos por ciudad de destino" time="0.384"/>
  <testcase name="Buscar vuelos hacia una ciudad de destino sin vuelos" classname="Busqueda de vuelos por ciudad de destino" time="0.303"/>
  <system-out><![CDATA[Request method:	GET
Request URI:	http://localhost:8080/flights/searchByDestination?cityOfDestination=Miami
Proxy:			<none>
Request params:	cityOfDestination=Miami
Query params:	<none>
Form params:	<none>
Path params:	<none>
Headers:		Accept=*/*
				Content-Type=application/json
Cookies:		<none>
Multiparts:		<none>
Body:			<none>
HTTP/1.1 200 
Vary: Origin
Vary: Access-Control-Request-Method
Vary: Access-Control-Request-Headers
Content-Type: application/json
Transfer-Encoding: chunked
Date: Sun, 03 Nov 2024 19:34:05 GMT
Keep-Alive: timeout=60
Connection: keep-alive

[
    {
        "id": 2,
        "airline": "JetFly",
        "origin": "Medellin",
        "destination": "Miami",
        "price": 443,
        "departureDate": "2024-01-02",
        "arrivalDate": "2024-01-02"
    }
]
Request method:	GET
Request URI:	http://localhost:8080/flights/searchByDestination?cityOfDestination=CiudadInexistente
Proxy:			<none>
Request params:	cityOfDestination=CiudadInexistente
Query params:	<none>
Form params:	<none>
Path params:	<none>
Headers:		Accept=*/*
				Content-Type=application/json
Cookies:		<none>
Multiparts:		<none>
Body:			<none>
HTTP/1.1 200 
Vary: Origin
Vary: Access-Control-Request-Method
Vary: Access-Control-Request-Headers
Content-Type: application/json
Transfer-Encoding: chunked
Date: Sun, 03 Nov 2024 19:34:06 GMT
Keep-Alive: timeout=60
Connection: keep-alive

[
    
]
]]></system-out>
  <system-err><![CDATA[[Test worker] INFO  - 
  _____   ___   ___   _____     ___   _____     _     ___   _____   ___   ___  
 |_   _| | __| / __| |_   _|   / __| |_   _|   /_\   | _ \ |_   _| | __| |   \ 
   | |   | _|  \__ \   | |     \__ \   | |    / _ \  |   /   | |   | _|  | |) |
   |_|   |___| |___/   |_|     |___/   |_|   /_/ \_\ |_|_\   |_|   |___| |___/ 

Buscar vuelos hacia una ciudad de destino existente(busqueda-de-vuelos-por-ciudad-de-destino;buscar-vuelos-hacia-una-ciudad-de-destino-existente)
--------------------------------------------------------------------------------
[Test worker] INFO  - 
  _____   ___   ___   _____     ___     _     ___   ___   ___   ___  
 |_   _| | __| / __| |_   _|   | _ \   /_\   / __| / __| | __| |   \ 
   | |   | _|  \__ \   | |     |  _/  / _ \  \__ \ \__ \ | _|  | |) |
   |_|   |___| |___/   |_|     |_|   /_/ \_\ |___/ |___/ |___| |___/ 

Buscar vuelos hacia una ciudad de destino existente
----------------------------------------------------------------------
[Test worker] INFO  - 
  _____   ___   ___   _____     ___   _____     _     ___   _____   ___   ___  
 |_   _| | __| / __| |_   _|   / __| |_   _|   /_\   | _ \ |_   _| | __| |   \ 
   | |   | _|  \__ \   | |     \__ \   | |    / _ \  |   /   | |   | _|  | |) |
   |_|   |___| |___/   |_|     |___/   |_|   /_/ \_\ |_|_\   |_|   |___| |___/ 

Buscar vuelos hacia una ciudad de destino sin vuelos(busqueda-de-vuelos-por-ciudad-de-destino;buscar-vuelos-hacia-una-ciudad-de-destino-sin-vuelos)
--------------------------------------------------------------------------------
[Test worker] INFO  - 
  _____   ___   ___   _____     ___     _     ___   ___   ___   ___  
 |_   _| | __| / __| |_   _|   | _ \   /_\   / __| / __| | __| |   \ 
   | |   | _|  \__ \   | |     |  _/  / _ \  \__ \ \__ \ | _|  | |) |
   |_|   |___| |___/   |_|     |_|   /_/ \_\ |___/ |___/ |___| |___/ 

Buscar vuelos hacia una ciudad de destino sin vuelos
----------------------------------------------------------------------
]]></system-err>
</testsuite>
