<?xml version="1.0" encoding="UTF-8"?>
<testsuite name="Busqueda de vuelos por fecha" tests="1" skipped="0" failures="0" errors="0" timestamp="2024-11-03T02:38:40" hostname="ANDRES" time="0.211">
  <properties/>
  <testcase name="Buscar vuelos entre dos fechas validas" classname="Busqueda de vuelos por fecha" time="0.211"/>
  <system-out><![CDATA[Request method:	GET
Request URI:	http://localhost:8080/flights/search?startDate=2023-01-01&endDate=2024-01-02
Proxy:			<none>
Request params:	startDate=2023-01-01
				endDate=2024-01-02
Query params:	<none>
Form params:	<none>
Path params:	<none>
Headers:		Accept=*/*
				Content-Type=application/json
Cookies:		<none>
Multiparts:		<none>
Body:			<none>
HTTP/1.1 200 
Vary: Origin
Vary: Access-Control-Request-Method
Vary: Access-Control-Request-Headers
Content-Type: application/json
Transfer-Encoding: chunked
Date: Sun, 03 Nov 2024 02:38:39 GMT
Keep-Alive: timeout=60
Connection: keep-alive

[
    {
        "id": 1,
        "airline": "Airways Inc.",
        "origin": "Bogota",
        "destination": "Cali",
        "price": 159,
        "departureDate": "2024-01-01",
        "arrivalDate": "2024-01-01"
    }
]
]]></system-out>
  <system-err><![CDATA[[Test worker] INFO  - 
  _____   ___   ___   _____     ___   _____     _     ___   _____   ___   ___  
 |_   _| | __| / __| |_   _|   / __| |_   _|   /_\   | _ \ |_   _| | __| |   \ 
   | |   | _|  \__ \   | |     \__ \   | |    / _ \  |   /   | |   | _|  | |) |
   |_|   |___| |___/   |_|     |___/   |_|   /_/ \_\ |_|_\   |_|   |___| |___/ 

Buscar vuelos entre dos fechas validas(busqueda-de-vuelos-por-fecha;buscar-vuelos-entre-dos-fechas-validas)
--------------------------------------------------------------------------------
[Test worker] INFO  - 
  _____   ___   ___   _____     ___     _     ___   ___   ___   ___  
 |_   _| | __| / __| |_   _|   | _ \   /_\   / __| / __| | __| |   \ 
   | |   | _|  \__ \   | |     |  _/  / _ \  \__ \ \__ \ | _|  | |) |
   |_|   |___| |___/   |_|     |_|   /_/ \_\ |___/ |___/ |___| |___/ 

Buscar vuelos entre dos fechas validas
----------------------------------------------------------------------
]]></system-err>
</testsuite>
