<?xml version="1.0" encoding="UTF-8"?>
<testsuite name="co.com.udea.certificacion.busqueda_de_vuelos_B.runners.flightrunners.FlightPriceSearchRunner" tests="0" skipped="0" failures="0" errors="0" timestamp="1970-01-01T00:00:00" hostname="ANDRES" time="0.0">
  <properties/>
  <system-out><![CDATA[]]></system-out>
  <system-err><![CDATA[[Test worker] INFO  - Test Suite Started: Busqueda de vuelos por precio
[Test worker] INFO  - Test Suite Started: Busqueda de vuelos por precio
]]></system-err>
</testsuite>
