<?xml version="1.0" encoding="UTF-8"?>
<testsuite name="Busqueda de vuelos por ciudad de origen" tests="2" skipped="0" failures="0" errors="0" timestamp="2024-11-04T00:00:52" hostname="ANDRES" time="0.536">
  <properties/>
  <testcase name="Buscar vuelos desde una ciudad de origen existente" classname="Busqueda de vuelos por ciudad de origen" time="0.303"/>
  <testcase name="Buscar vuelos desde una ciudad de origen sin vuelos" classname="Busqueda de vuelos por ciudad de origen" time="0.232"/>
  <system-out><![CDATA[Request method:	GET
Request URI:	http://localhost:8080/flights/searchByOrigin?cityOfOrigin=Bogota
Proxy:			<none>
Request params:	cityOfOrigin=Bogota
Query params:	<none>
Form params:	<none>
Path params:	<none>
Headers:		Accept=*/*
				Content-Type=application/json
Cookies:		<none>
Multiparts:		<none>
Body:			<none>
HTTP/1.1 200 
Vary: Origin
Vary: Access-Control-Request-Method
Vary: Access-Control-Request-Headers
Content-Type: application/json
Transfer-Encoding: chunked
Date: Mon, 04 Nov 2024 00:00:52 GMT
Keep-Alive: timeout=60
Connection: keep-alive

[
    {
        "id": 1,
        "airline": "Airways Inc.",
        "origin": "Bogota",
        "destination": "Cali",
        "price": 159,
        "departureDate": "2024-01-01",
        "arrivalDate": "2024-01-01"
    },
    {
        "id": 4,
        "airline": "Latam",
        "origin": "Bogota",
        "destination": "Cali",
        "price": 98,
        "departureDate": "2024-01-03",
        "arrivalDate": "2024-01-03"
    }
]
Request method:	GET
Request URI:	http://localhost:8080/flights/searchByOrigin?cityOfOrigin=CiudadInexistente
Proxy:			<none>
Request params:	cityOfOrigin=CiudadInexistente
Query params:	<none>
Form params:	<none>
Path params:	<none>
Headers:		Accept=*/*
				Content-Type=application/json
Cookies:		<none>
Multiparts:		<none>
Body:			<none>
HTTP/1.1 200 
Vary: Origin
Vary: Access-Control-Request-Method
Vary: Access-Control-Request-Headers
Content-Type: application/json
Transfer-Encoding: chunked
Date: Mon, 04 Nov 2024 00:00:52 GMT
Keep-Alive: timeout=60
Connection: keep-alive

[
    
]
]]></system-out>
  <system-err><![CDATA[[Test worker] INFO  - 
  _____   ___   ___   _____     ___   _____     _     ___   _____   ___   ___  
 |_   _| | __| / __| |_   _|   / __| |_   _|   /_\   | _ \ |_   _| | __| |   \ 
   | |   | _|  \__ \   | |     \__ \   | |    / _ \  |   /   | |   | _|  | |) |
   |_|   |___| |___/   |_|     |___/   |_|   /_/ \_\ |_|_\   |_|   |___| |___/ 

Buscar vuelos desde una ciudad de origen existente(busqueda-de-vuelos-por-ciudad-de-origen;buscar-vuelos-desde-una-ciudad-de-origen-existente)
--------------------------------------------------------------------------------
[Test worker] INFO  - 
  _____   ___   ___   _____     ___     _     ___   ___   ___   ___  
 |_   _| | __| / __| |_   _|   | _ \   /_\   / __| / __| | __| |   \ 
   | |   | _|  \__ \   | |     |  _/  / _ \  \__ \ \__ \ | _|  | |) |
   |_|   |___| |___/   |_|     |_|   /_/ \_\ |___/ |___/ |___| |___/ 

Buscar vuelos desde una ciudad de origen existente
----------------------------------------------------------------------
[Test worker] INFO  - 
  _____   ___   ___   _____     ___   _____     _     ___   _____   ___   ___  
 |_   _| | __| / __| |_   _|   / __| |_   _|   /_\   | _ \ |_   _| | __| |   \ 
   | |   | _|  \__ \   | |     \__ \   | |    / _ \  |   /   | |   | _|  | |) |
   |_|   |___| |___/   |_|     |___/   |_|   /_/ \_\ |_|_\   |_|   |___| |___/ 

Buscar vuelos desde una ciudad de origen sin vuelos(busqueda-de-vuelos-por-ciudad-de-origen;buscar-vuelos-desde-una-ciudad-de-origen-sin-vuelos)
--------------------------------------------------------------------------------
[Test worker] INFO  - 
  _____   ___   ___   _____     ___     _     ___   ___   ___   ___  
 |_   _| | __| / __| |_   _|   | _ \   /_\   / __| / __| | __| |   \ 
   | |   | _|  \__ \   | |     |  _/  / _ \  \__ \ \__ \ | _|  | |) |
   |_|   |___| |___/   |_|     |_|   /_/ \_\ |___/ |___/ |___| |___/ 

Buscar vuelos desde una ciudad de origen sin vuelos
----------------------------------------------------------------------
]]></system-err>
</testsuite>
