<?xml version="1.0" encoding="UTF-8"?>
<testsuite name="Búsqueda de vuelos por ciudad de destino" tests="2" skipped="0" failures="2" errors="0" timestamp="2024-11-03T18:21:55" hostname="ASUS_RIVERA" time="0.196">
  <properties/>
  <testcase name="Buscar vuelos hacia una ciudad de destino existente" classname="Búsqueda de vuelos por ciudad de destino" time="0.118">
    <failure message="io.cucumber.junit.UndefinedStepException: The step 'la ciudad de destino &quot;Medellín&quot;' and 2 other step(s) are undefined.&#10;You can implement these steps using the snippet(s) below:&#10;&#10;@Given(&quot;la ciudad de destino {string}&quot;)&#10;public void laCiudadDeDestino(String string) {&#10;    // Write code here that turns the phrase above into concrete actions&#10;    throw new io.cucumber.java.PendingException();&#10;}&#10;@When(&quot;se realiza la búsqueda de vuelos hacia la ciudad especificada&quot;)&#10;public void seRealizaLaBúsquedaDeVuelosHaciaLaCiudadEspecificada() {&#10;    // Write code here that turns the phrase above into concrete actions&#10;    throw new io.cucumber.java.PendingException();&#10;}&#10;@Then(&quot;se muestra una lista de vuelos que llegan a {string}&quot;)&#10;public void seMuestraUnaListaDeVuelosQueLleganA(String string) {&#10;    // Write code here that turns the phrase above into concrete actions&#10;    throw new io.cucumber.java.PendingException();&#10;}&#10;" type="io.cucumber.junit.UndefinedStepException">io.cucumber.junit.UndefinedStepException: The step 'la ciudad de destino &quot;Medellín&quot;' and 2 other step(s) are undefined.
You can implement these steps using the snippet(s) below:

@Given(&quot;la ciudad de destino {string}&quot;)
public void laCiudadDeDestino(String string) {
    // Write code here that turns the phrase above into concrete actions
    throw new io.cucumber.java.PendingException();
}
@When(&quot;se realiza la búsqueda de vuelos hacia la ciudad especificada&quot;)
public void seRealizaLaBúsquedaDeVuelosHaciaLaCiudadEspecificada() {
    // Write code here that turns the phrase above into concrete actions
    throw new io.cucumber.java.PendingException();
}
@Then(&quot;se muestra una lista de vuelos que llegan a {string}&quot;)
public void seMuestraUnaListaDeVuelosQueLleganA(String string) {
    // Write code here that turns the phrase above into concrete actions
    throw new io.cucumber.java.PendingException();
}

</failure>
  </testcase>
  <testcase name="Buscar vuelos hacia una ciudad de destino sin vuelos" classname="Búsqueda de vuelos por ciudad de destino" time="0.078">
    <failure message="io.cucumber.junit.UndefinedStepException: The step 'la ciudad de destino &quot;CiudadInexistente&quot;' and 2 other step(s) are undefined.&#10;You can implement these steps using the snippet(s) below:&#10;&#10;@Given(&quot;la ciudad de destino {string}&quot;)&#10;public void laCiudadDeDestino(String string) {&#10;    // Write code here that turns the phrase above into concrete actions&#10;    throw new io.cucumber.java.PendingException();&#10;}&#10;@When(&quot;se realiza la búsqueda de vuelos hacia la ciudad especificada&quot;)&#10;public void seRealizaLaBúsquedaDeVuelosHaciaLaCiudadEspecificada() {&#10;    // Write code here that turns the phrase above into concrete actions&#10;    throw new io.cucumber.java.PendingException();&#10;}&#10;@Then(&quot;no se muestran vuelos disponibles hacia {string}&quot;)&#10;public void noSeMuestranVuelosDisponiblesHacia(String string) {&#10;    // Write code here that turns the phrase above into concrete actions&#10;    throw new io.cucumber.java.PendingException();&#10;}&#10;" type="io.cucumber.junit.UndefinedStepException">io.cucumber.junit.UndefinedStepException: The step 'la ciudad de destino &quot;CiudadInexistente&quot;' and 2 other step(s) are undefined.
You can implement these steps using the snippet(s) below:

@Given(&quot;la ciudad de destino {string}&quot;)
public void laCiudadDeDestino(String string) {
    // Write code here that turns the phrase above into concrete actions
    throw new io.cucumber.java.PendingException();
}
@When(&quot;se realiza la búsqueda de vuelos hacia la ciudad especificada&quot;)
public void seRealizaLaBúsquedaDeVuelosHaciaLaCiudadEspecificada() {
    // Write code here that turns the phrase above into concrete actions
    throw new io.cucumber.java.PendingException();
}
@Then(&quot;no se muestran vuelos disponibles hacia {string}&quot;)
public void noSeMuestranVuelosDisponiblesHacia(String string) {
    // Write code here that turns the phrase above into concrete actions
    throw new io.cucumber.java.PendingException();
}

</failure>
  </testcase>
  <system-out><![CDATA[]]></system-out>
  <system-err><![CDATA[[Test worker] INFO  - 
  _____   ___   ___   _____     ___   _____     _     ___   _____   ___   ___  
 |_   _| | __| / __| |_   _|   / __| |_   _|   /_\   | _ \ |_   _| | __| |   \ 
   | |   | _|  \__ \   | |     \__ \   | |    / _ \  |   /   | |   | _|  | |) |
   |_|   |___| |___/   |_|     |___/   |_|   /_/ \_\ |_|_\   |_|   |___| |___/ 

Buscar vuelos hacia una ciudad de destino existente(búsqueda-de-vuelos-por-ciudad-de-destino;buscar-vuelos-hacia-una-ciudad-de-destino-existente)
--------------------------------------------------------------------------------
[Test worker] INFO  - 
  _____   ___   ___   _____     ___   ___   _  _   ___    ___   _  _    ___ 
 |_   _| | __| / __| |_   _|   | _ \ | __| | \| | |   \  |_ _| | \| |  / __|
   | |   | _|  \__ \   | |     |  _/ | _|  | .` | | |) |  | |  | .` | | (_ |
   |_|   |___| |___/   |_|     |_|   |___| |_|\_| |___/  |___| |_|\_|  \___|

Buscar vuelos hacia una ciudad de destino existente
-----------------------------------------------------------------------------
[Test worker] INFO  - 
  _____   ___   ___   _____     ___   _____     _     ___   _____   ___   ___  
 |_   _| | __| / __| |_   _|   / __| |_   _|   /_\   | _ \ |_   _| | __| |   \ 
   | |   | _|  \__ \   | |     \__ \   | |    / _ \  |   /   | |   | _|  | |) |
   |_|   |___| |___/   |_|     |___/   |_|   /_/ \_\ |_|_\   |_|   |___| |___/ 

Buscar vuelos hacia una ciudad de destino sin vuelos(búsqueda-de-vuelos-por-ciudad-de-destino;buscar-vuelos-hacia-una-ciudad-de-destino-sin-vuelos)
--------------------------------------------------------------------------------
[Test worker] INFO  - 
  _____   ___   ___   _____     ___   ___   _  _   ___    ___   _  _    ___ 
 |_   _| | __| / __| |_   _|   | _ \ | __| | \| | |   \  |_ _| | \| |  / __|
   | |   | _|  \__ \   | |     |  _/ | _|  | .` | | |) |  | |  | .` | | (_ |
   |_|   |___| |___/   |_|     |_|   |___| |_|\_| |___/  |___| |_|\_|  \___|

Buscar vuelos hacia una ciudad de destino sin vuelos
-----------------------------------------------------------------------------
]]></system-err>
</testsuite>
