<?xml version="1.0" encoding="UTF-8"?>
<testsuite name="Búsqueda de vuelos por precio" tests="2" skipped="0" failures="2" errors="0" timestamp="2024-11-03T18:21:56" hostname="ASUS_RIVERA" time="0.121">
  <properties/>
  <testcase name="Buscar vuelos entre dos precios válidos" classname="Búsqueda de vuelos por precio" time="0.059">
    <failure message="io.cucumber.junit.UndefinedStepException: The step 'un precio inicial &quot;100&quot; y un precio final &quot;500&quot;' and 2 other step(s) are undefined.&#10;You can implement these steps using the snippet(s) below:&#10;&#10;@Given(&quot;un precio inicial {string} y un precio final {string}&quot;)&#10;public void unPrecioInicialYUnPrecioFinal(String string, String string2) {&#10;    // Write code here that turns the phrase above into concrete actions&#10;    throw new io.cucumber.java.PendingException();&#10;}&#10;@When(&quot;se realiza la búsqueda de vuelos entre los precios especificados&quot;)&#10;public void seRealizaLaBúsquedaDeVuelosEntreLosPreciosEspecificados() {&#10;    // Write code here that turns the phrase above into concrete actions&#10;    throw new io.cucumber.java.PendingException();&#10;}&#10;@Then(&quot;se muestra una lista de vuelos disponibles dentro del rango de precios&quot;)&#10;public void seMuestraUnaListaDeVuelosDisponiblesDentroDelRangoDePrecios() {&#10;    // Write code here that turns the phrase above into concrete actions&#10;    throw new io.cucumber.java.PendingException();&#10;}&#10;" type="io.cucumber.junit.UndefinedStepException">io.cucumber.junit.UndefinedStepException: The step 'un precio inicial &quot;100&quot; y un precio final &quot;500&quot;' and 2 other step(s) are undefined.
You can implement these steps using the snippet(s) below:

@Given(&quot;un precio inicial {string} y un precio final {string}&quot;)
public void unPrecioInicialYUnPrecioFinal(String string, String string2) {
    // Write code here that turns the phrase above into concrete actions
    throw new io.cucumber.java.PendingException();
}
@When(&quot;se realiza la búsqueda de vuelos entre los precios especificados&quot;)
public void seRealizaLaBúsquedaDeVuelosEntreLosPreciosEspecificados() {
    // Write code here that turns the phrase above into concrete actions
    throw new io.cucumber.java.PendingException();
}
@Then(&quot;se muestra una lista de vuelos disponibles dentro del rango de precios&quot;)
public void seMuestraUnaListaDeVuelosDisponiblesDentroDelRangoDePrecios() {
    // Write code here that turns the phrase above into concrete actions
    throw new io.cucumber.java.PendingException();
}

</failure>
  </testcase>
  <testcase name="Buscar vuelos cuando no hay vuelos en el rango de precios" classname="Búsqueda de vuelos por precio" time="0.062">
    <failure message="io.cucumber.junit.UndefinedStepException: The step 'un precio inicial &quot;2000&quot; y un precio final &quot;3000&quot;' and 1 other step(s) are undefined.&#10;You can implement these steps using the snippet(s) below:&#10;&#10;@Given(&quot;un precio inicial {string} y un precio final {string}&quot;)&#10;public void unPrecioInicialYUnPrecioFinal(String string, String string2) {&#10;    // Write code here that turns the phrase above into concrete actions&#10;    throw new io.cucumber.java.PendingException();&#10;}&#10;@When(&quot;se realiza la búsqueda de vuelos entre los precios especificados&quot;)&#10;public void seRealizaLaBúsquedaDeVuelosEntreLosPreciosEspecificados() {&#10;    // Write code here that turns the phrase above into concrete actions&#10;    throw new io.cucumber.java.PendingException();&#10;}&#10;" type="io.cucumber.junit.UndefinedStepException">io.cucumber.junit.UndefinedStepException: The step 'un precio inicial &quot;2000&quot; y un precio final &quot;3000&quot;' and 1 other step(s) are undefined.
You can implement these steps using the snippet(s) below:

@Given(&quot;un precio inicial {string} y un precio final {string}&quot;)
public void unPrecioInicialYUnPrecioFinal(String string, String string2) {
    // Write code here that turns the phrase above into concrete actions
    throw new io.cucumber.java.PendingException();
}
@When(&quot;se realiza la búsqueda de vuelos entre los precios especificados&quot;)
public void seRealizaLaBúsquedaDeVuelosEntreLosPreciosEspecificados() {
    // Write code here that turns the phrase above into concrete actions
    throw new io.cucumber.java.PendingException();
}

</failure>
  </testcase>
  <system-out><![CDATA[]]></system-out>
  <system-err><![CDATA[[Test worker] INFO  - 
  _____   ___   ___   _____     ___   _____     _     ___   _____   ___   ___  
 |_   _| | __| / __| |_   _|   / __| |_   _|   /_\   | _ \ |_   _| | __| |   \ 
   | |   | _|  \__ \   | |     \__ \   | |    / _ \  |   /   | |   | _|  | |) |
   |_|   |___| |___/   |_|     |___/   |_|   /_/ \_\ |_|_\   |_|   |___| |___/ 

Buscar vuelos entre dos precios válidos(búsqueda-de-vuelos-por-precio;buscar-vuelos-entre-dos-precios-válidos)
--------------------------------------------------------------------------------
[Test worker] INFO  - 
  _____   ___   ___   _____     ___   ___   _  _   ___    ___   _  _    ___ 
 |_   _| | __| / __| |_   _|   | _ \ | __| | \| | |   \  |_ _| | \| |  / __|
   | |   | _|  \__ \   | |     |  _/ | _|  | .` | | |) |  | |  | .` | | (_ |
   |_|   |___| |___/   |_|     |_|   |___| |_|\_| |___/  |___| |_|\_|  \___|

Buscar vuelos entre dos precios válidos
-----------------------------------------------------------------------------
[Test worker] INFO  - 
  _____   ___   ___   _____     ___   _____     _     ___   _____   ___   ___  
 |_   _| | __| / __| |_   _|   / __| |_   _|   /_\   | _ \ |_   _| | __| |   \ 
   | |   | _|  \__ \   | |     \__ \   | |    / _ \  |   /   | |   | _|  | |) |
   |_|   |___| |___/   |_|     |___/   |_|   /_/ \_\ |_|_\   |_|   |___| |___/ 

Buscar vuelos cuando no hay vuelos en el rango de precios(búsqueda-de-vuelos-por-precio;buscar-vuelos-cuando-no-hay-vuelos-en-el-rango-de-precios)
--------------------------------------------------------------------------------
[Test worker] INFO  - 
  _____   ___   ___   _____     ___   ___   _  _   ___    ___   _  _    ___ 
 |_   _| | __| / __| |_   _|   | _ \ | __| | \| | |   \  |_ _| | \| |  / __|
   | |   | _|  \__ \   | |     |  _/ | _|  | .` | | |) |  | |  | .` | | (_ |
   |_|   |___| |___/   |_|     |_|   |___| |_|\_| |___/  |___| |_|\_|  \___|

Buscar vuelos cuando no hay vuelos en el rango de precios
-----------------------------------------------------------------------------
]]></system-err>
</testsuite>
